AndroidPlugin/usbserial/build/intermediates/manifest_merge_blame_file/release/manifest-merger-blame-release-report.txt
1<?xml version="1.0" encoding="utf-8"?>
2<manifest xmlns:android="http://schemas.android.com/apk/res/android"
3    package="com.tfg.usbserial" >
4
5    <uses-sdk android:minSdkVersion="29" />
6
7    <uses-feature
7-->src/main/AndroidManifest.xml:3:5-85
8        android:name="android.hardware.usb.host"
8-->src/main/AndroidManifest.xml:3:19-59
9        android:required="true" />
9-->src/main/AndroidManifest.xml:3:60-83
10
11</manifest>